# JRE version: Java(TM) SE Runtime Environment (17.0.9+11) (build 17.0.9+11-LTS-201)
# Java VM: Java HotSpot(TM) 64-Bit Server VM (17.0.9+11-LTS-201, mixed mode, sharing, tiered, compressed oops, compressed class ptrs, g1 gc, windows-amd64)
GC Precious Log:
 CPUs: 12 total, 12 available
 Memory: 16163M
 Large Page Support: Disabled
 NUMA Support: Disabled
 Compressed Oops: Enabled (32-bit)
 Heap Region Size: 1M
 Heap Min Capacity: 8M
 Heap Initial Capacity: 254M
 Heap Max Capacity: 2G
 Pre-touch: Disabled
 Parallel Workers: 10
 Concurrent Workers: 3
 Concurrent Refinement Workers: 10
 Periodic GC: Disabled
Heap:
 garbage-first heap   total 270336K, used 166079K [0x0000000080000000, 0x0000000100000000)
  region size 1024K, 82 young (83968K), 1 survivors (1024K)
 Metaspace       used 68672K, committed 69376K, reserved 1114112K
  class space    used 9344K, committed 9664K, reserved 1048576K
GC Heap History (20 events):
Event: 20.564 GC heap before
{Heap before GC invocations=17 (full 0):
 garbage-first heap   total 84992K, used 68661K [0x0000000080000000, 0x0000000100000000)
  region size 1024K, 25 young (25600K), 1 survivors (1024K)
 Metaspace       used 50695K, committed 51328K, reserved 1114112K
  class space    used 7113K, committed 7424K, reserved 1048576K
}
Event: 20.566 GC heap after
{Heap after GC invocations=18 (full 0):
 garbage-first heap   total 130048K, used 45536K [0x0000000080000000, 0x0000000100000000)
  region size 1024K, 2 young (2048K), 2 survivors (2048K)
 Metaspace       used 50695K, committed 51328K, reserved 1114112K
  class space    used 7113K, committed 7424K, reserved 1048576K
}
Event: 23.649 GC heap before
{Heap before GC invocations=19 (full 0):
 garbage-first heap   total 130048K, used 105952K [0x0000000080000000, 0x0000000100000000)
  region size 1024K, 61 young (62464K), 2 survivors (2048K)
 Metaspace       used 55866K, committed 56512K, reserved 1114112K
  class space    used 7852K, committed 8128K, reserved 1048576K
}
Event: 23.654 GC heap after
{Heap after GC invocations=20 (full 0):
 garbage-first heap   total 130048K, used 50272K [0x0000000080000000, 0x0000000100000000)
  region size 1024K, 7 young (7168K), 7 survivors (7168K)
 Metaspace       used 55866K, committed 56512K, reserved 1114112K
  class space    used 7852K, committed 8128K, reserved 1048576K
}
Event: 23.657 GC heap before
{Heap before GC invocations=20 (full 0):
 garbage-first heap   total 130048K, used 51296K [0x0000000080000000, 0x0000000100000000)
  region size 1024K, 8 young (8192K), 7 survivors (7168K)
 Metaspace       used 55871K, committed 56512K, reserved 1114112K
  class space    used 7852K, committed 8128K, reserved 1048576K
}
Event: 23.660 GC heap after
{Heap after GC invocations=21 (full 0):
 garbage-first heap   total 130048K, used 50650K [0x0000000080000000, 0x0000000100000000)
  region size 1024K, 1 young (1024K), 1 survivors (1024K)
 Metaspace       used 55871K, committed 56512K, reserved 1114112K
  class space    used 7852K, committed 8128K, reserved 1048576K
}
Event: 25.104 GC heap before
{Heap before GC invocations=21 (full 0):
 garbage-first heap   total 130048K, used 104922K [0x0000000080000000, 0x0000000100000000)
  region size 1024K, 55 young (56320K), 1 survivors (1024K)
 Metaspace       used 56230K, committed 56832K, reserved 1114112K
  class space    used 7854K, committed 8128K, reserved 1048576K
}
Event: 25.107 GC heap after
{Heap after GC invocations=22 (full 0):
 garbage-first heap   total 130048K, used 53910K [0x0000000080000000, 0x0000000100000000)
  region size 1024K, 5 young (5120K), 5 survivors (5120K)
 Metaspace       used 56230K, committed 56832K, reserved 1114112K
  class space    used 7854K, committed 8128K, reserved 1048576K
}
Event: 25.300 GC heap before
{Heap before GC invocations=22 (full 0):
 garbage-first heap   total 130048K, used 103062K [0x0000000080000000, 0x0000000100000000)
  region size 1024K, 54 young (55296K), 5 survivors (5120K)
 Metaspace       used 56397K, committed 57024K, reserved 1114112K
  class space    used 7855K, committed 8128K, reserved 1048576K
}
Event: 25.303 GC heap after
{Heap after GC invocations=23 (full 0):
 garbage-first heap   total 130048K, used 55060K [0x0000000080000000, 0x0000000100000000)
  region size 1024K, 4 young (4096K), 4 survivors (4096K)
 Metaspace       used 56397K, committed 57024K, reserved 1114112K
  class space    used 7855K, committed 8128K, reserved 1048576K
}
Event: 25.454 GC heap before
{Heap before GC invocations=23 (full 0):
 garbage-first heap   total 130048K, used 103188K [0x0000000080000000, 0x0000000100000000)
  region size 1024K, 52 young (53248K), 4 survivors (4096K)
 Metaspace       used 56434K, committed 57088K, reserved 1114112K
  class space    used 7855K, committed 8128K, reserved 1048576K
}
Event: 25.458 GC heap after
{Heap after GC invocations=24 (full 0):
 garbage-first heap   total 130048K, used 56096K [0x0000000080000000, 0x0000000100000000)
  region size 1024K, 5 young (5120K), 5 survivors (5120K)
 Metaspace       used 56434K, committed 57088K, reserved 1114112K
  class space    used 7855K, committed 8128K, reserved 1048576K
}
Event: 27.248 GC heap before
{Heap before GC invocations=24 (full 0):
 garbage-first heap   total 130048K, used 103200K [0x0000000080000000, 0x0000000100000000)
  region size 1024K, 47 young (48128K), 5 survivors (5120K)
 Metaspace       used 56995K, committed 57664K, reserved 1114112K
  class space    used 7917K, committed 8192K, reserved 1048576K
}
Event: 27.251 GC heap after
{Heap after GC invocations=25 (full 0):
 garbage-first heap   total 130048K, used 65966K [0x0000000080000000, 0x0000000100000000)
  region size 1024K, 7 young (7168K), 7 survivors (7168K)
 Metaspace       used 56995K, committed 57664K, reserved 1114112K
  class space    used 7917K, committed 8192K, reserved 1048576K
}
Event: 31.751 GC heap before
{Heap before GC invocations=26 (full 0):
 garbage-first heap   total 130048K, used 109998K [0x0000000080000000, 0x0000000100000000)
  region size 1024K, 43 young (44032K), 7 survivors (7168K)
 Metaspace       used 59082K, committed 59776K, reserved 1114112K
  class space    used 8175K, committed 8512K, reserved 1048576K
}
Event: 31.754 GC heap after
{Heap after GC invocations=27 (full 0):
 garbage-first heap   total 130048K, used 79909K [0x0000000080000000, 0x0000000100000000)
  region size 1024K, 6 young (6144K), 6 survivors (6144K)
 Metaspace       used 59082K, committed 59776K, reserved 1114112K
  class space    used 8175K, committed 8512K, reserved 1048576K
}
Event: 31.829 GC heap before
{Heap before GC invocations=27 (full 0):
 garbage-first heap   total 130048K, used 80933K [0x0000000080000000, 0x0000000100000000)
  region size 1024K, 7 young (7168K), 6 survivors (6144K)
 Metaspace       used 59173K, committed 59904K, reserved 1114112K
  class space    used 8183K, committed 8512K, reserved 1048576K
}
Event: 31.831 GC heap after
{Heap after GC invocations=28 (full 0):
 garbage-first heap   total 130048K, used 78769K [0x0000000080000000, 0x0000000100000000)
  region size 1024K, 1 young (1024K), 1 survivors (1024K)
 Metaspace       used 59173K, committed 59904K, reserved 1114112K
  class space    used 8183K, committed 8512K, reserved 1048576K
}
Event: 33.370 GC heap before
{Heap before GC invocations=28 (full 0):
 garbage-first heap   total 130048K, used 104369K [0x0000000080000000, 0x0000000100000000)
  region size 1024K, 27 young (27648K), 1 survivors (1024K)
 Metaspace       used 61671K, committed 62400K, reserved 1114112K
  class space    used 8450K, committed 8768K, reserved 1048576K
}
Event: 33.421 GC heap after
{Heap after GC invocations=29 (full 0):
 garbage-first heap   total 279552K, used 79039K [0x0000000080000000, 0x0000000100000000)
  region size 1024K, 1 young (1024K), 1 survivors (1024K)
 Metaspace       used 61671K, committed 62400K, reserved 1114112K
  class space    used 8450K, committed 8768K, reserved 1048576K
}

