# JRE version: Java(TM) SE Runtime Environment (17.0.9+11) (build 17.0.9+11-LTS-201)
# Java VM: Java HotSpot(TM) 64-Bit Server VM (17.0.9+11-LTS-201, mixed mode, sharing, tiered, compressed oops, compressed class ptrs, g1 gc, windows-amd64)
GC Precious Log:
 CPUs: 12 total, 12 available
 Memory: 16163M
 Large Page Support: Disabled
 NUMA Support: Disabled
 Compressed Oops: Enabled (32-bit)
 Heap Region Size: 1M
 Heap Min Capacity: 8M
 Heap Initial Capacity: 254M
 Heap Max Capacity: 2G
 Pre-touch: Disabled
 Parallel Workers: 10
 Concurrent Workers: 3
 Concurrent Refinement Workers: 10
 Periodic GC: Disabled
Heap:
 garbage-first heap   total 155648K, used 94102K [0x0000000080000000, 0x0000000100000000)
  region size 1024K, 16 young (16384K), 1 survivors (1024K)
 Metaspace       used 62661K, committed 63424K, reserved 1114112K
  class space    used 8565K, committed 8960K, reserved 1048576K
GC Heap History (20 events):
Event: 19.895 GC heap before
{Heap before GC invocations=14 (full 0):
 garbage-first heap   total 86016K, used 66402K [0x0000000080000000, 0x0000000100000000)
  region size 1024K, 26 young (26624K), 1 survivors (1024K)
 Metaspace       used 44967K, committed 45568K, reserved 1114112K
  class space    used 6275K, committed 6528K, reserved 1048576K
}
Event: 19.897 GC heap after
{Heap after GC invocations=15 (full 0):
 garbage-first heap   total 129024K, used 42845K [0x0000000080000000, 0x0000000100000000)
  region size 1024K, 2 young (2048K), 2 survivors (2048K)
 Metaspace       used 44967K, committed 45568K, reserved 1114112K
  class space    used 6275K, committed 6528K, reserved 1048576K
}
Event: 21.763 GC heap before
{Heap before GC invocations=16 (full 0):
 garbage-first heap   total 129024K, used 102237K [0x0000000080000000, 0x0000000100000000)
  region size 1024K, 60 young (61440K), 2 survivors (2048K)
 Metaspace       used 51826K, committed 52416K, reserved 1114112K
  class space    used 7271K, committed 7552K, reserved 1048576K
}
Event: 21.766 GC heap after
{Heap after GC invocations=17 (full 0):
 garbage-first heap   total 129024K, used 46093K [0x0000000080000000, 0x0000000100000000)
  region size 1024K, 5 young (5120K), 5 survivors (5120K)
 Metaspace       used 51826K, committed 52416K, reserved 1114112K
  class space    used 7271K, committed 7552K, reserved 1048576K
}
Event: 24.280 GC heap before
{Heap before GC invocations=17 (full 0):
 garbage-first heap   total 129024K, used 101389K [0x0000000080000000, 0x0000000100000000)
  region size 1024K, 60 young (61440K), 5 survivors (5120K)
 Metaspace       used 55926K, committed 56512K, reserved 1114112K
  class space    used 7851K, committed 8128K, reserved 1048576K
}
Event: 24.286 GC heap after
{Heap after GC invocations=18 (full 0):
 garbage-first heap   total 129024K, used 50790K [0x0000000080000000, 0x0000000100000000)
  region size 1024K, 8 young (8192K), 8 survivors (8192K)
 Metaspace       used 55926K, committed 56512K, reserved 1114112K
  class space    used 7851K, committed 8128K, reserved 1048576K
}
Event: 25.620 GC heap before
{Heap before GC invocations=18 (full 0):
 garbage-first heap   total 129024K, used 103014K [0x0000000080000000, 0x0000000100000000)
  region size 1024K, 59 young (60416K), 8 survivors (8192K)
 Metaspace       used 56225K, committed 56832K, reserved 1114112K
  class space    used 7851K, committed 8128K, reserved 1048576K
}
Event: 25.625 GC heap after
{Heap after GC invocations=19 (full 0):
 garbage-first heap   total 129024K, used 53216K [0x0000000080000000, 0x0000000100000000)
  region size 1024K, 5 young (5120K), 5 survivors (5120K)
 Metaspace       used 56225K, committed 56832K, reserved 1114112K
  class space    used 7851K, committed 8128K, reserved 1048576K
}
Event: 25.768 GC heap before
{Heap before GC invocations=19 (full 0):
 garbage-first heap   total 129024K, used 101344K [0x0000000080000000, 0x0000000100000000)
  region size 1024K, 53 young (54272K), 5 survivors (5120K)
 Metaspace       used 56399K, committed 57024K, reserved 1114112K
  class space    used 7851K, committed 8128K, reserved 1048576K
}
Event: 25.771 GC heap after
{Heap after GC invocations=20 (full 0):
 garbage-first heap   total 129024K, used 54748K [0x0000000080000000, 0x0000000100000000)
  region size 1024K, 4 young (4096K), 4 survivors (4096K)
 Metaspace       used 56399K, committed 57024K, reserved 1114112K
  class space    used 7851K, committed 8128K, reserved 1048576K
}
Event: 25.892 GC heap before
{Heap before GC invocations=20 (full 0):
 garbage-first heap   total 129024K, used 101852K [0x0000000080000000, 0x0000000100000000)
  region size 1024K, 51 young (52224K), 4 survivors (4096K)
 Metaspace       used 56436K, committed 57024K, reserved 1114112K
  class space    used 7852K, committed 8128K, reserved 1048576K
}
Event: 25.894 GC heap after
{Heap after GC invocations=21 (full 0):
 garbage-first heap   total 129024K, used 55536K [0x0000000080000000, 0x0000000100000000)
  region size 1024K, 5 young (5120K), 5 survivors (5120K)
 Metaspace       used 56436K, committed 57024K, reserved 1114112K
  class space    used 7852K, committed 8128K, reserved 1048576K
}
Event: 27.812 GC heap before
{Heap before GC invocations=21 (full 0):
 garbage-first heap   total 129024K, used 102640K [0x0000000080000000, 0x0000000100000000)
  region size 1024K, 47 young (48128K), 5 survivors (5120K)
 Metaspace       used 56990K, committed 57600K, reserved 1114112K
  class space    used 7914K, committed 8192K, reserved 1048576K
}
Event: 27.815 GC heap after
{Heap after GC invocations=22 (full 0):
 garbage-first heap   total 129024K, used 65254K [0x0000000080000000, 0x0000000100000000)
  region size 1024K, 7 young (7168K), 7 survivors (7168K)
 Metaspace       used 56990K, committed 57600K, reserved 1114112K
  class space    used 7914K, committed 8192K, reserved 1048576K
}
Event: 32.147 GC heap before
{Heap before GC invocations=23 (full 0):
 garbage-first heap   total 129024K, used 109286K [0x0000000080000000, 0x0000000100000000)
  region size 1024K, 43 young (44032K), 7 survivors (7168K)
 Metaspace       used 59081K, committed 59840K, reserved 1114112K
  class space    used 8174K, committed 8512K, reserved 1048576K
}
Event: 32.151 GC heap after
{Heap after GC invocations=24 (full 0):
 garbage-first heap   total 129024K, used 78751K [0x0000000080000000, 0x0000000100000000)
  region size 1024K, 6 young (6144K), 6 survivors (6144K)
 Metaspace       used 59081K, committed 59840K, reserved 1114112K
  class space    used 8174K, committed 8512K, reserved 1048576K
}
Event: 32.215 GC heap before
{Heap before GC invocations=24 (full 0):
 garbage-first heap   total 129024K, used 78751K [0x0000000080000000, 0x0000000100000000)
  region size 1024K, 7 young (7168K), 6 survivors (6144K)
 Metaspace       used 59170K, committed 59904K, reserved 1114112K
  class space    used 8181K, committed 8512K, reserved 1048576K
}
Event: 32.217 GC heap after
{Heap after GC invocations=25 (full 0):
 garbage-first heap   total 129024K, used 79703K [0x0000000080000000, 0x0000000100000000)
  region size 1024K, 1 young (1024K), 1 survivors (1024K)
 Metaspace       used 59170K, committed 59904K, reserved 1114112K
  class space    used 8181K, committed 8512K, reserved 1048576K
}
Event: 33.780 GC heap before
{Heap before GC invocations=25 (full 0):
 garbage-first heap   total 129024K, used 103255K [0x0000000080000000, 0x0000000100000000)
  region size 1024K, 25 young (25600K), 1 survivors (1024K)
 Metaspace       used 61445K, committed 62144K, reserved 1114112K
  class space    used 8419K, committed 8768K, reserved 1048576K
}
Event: 33.782 GC heap after
{Heap after GC invocations=26 (full 0):
 garbage-first heap   total 155648K, used 79766K [0x0000000080000000, 0x0000000100000000)
  region size 1024K, 1 young (1024K), 1 survivors (1024K)
 Metaspace       used 61445K, committed 62144K, reserved 1114112K
  class space    used 8419K, committed 8768K, reserved 1048576K
}

