# JRE version: Java(TM) SE Runtime Environment (17.0.9+11) (build 17.0.9+11-LTS-201)
# Java VM: Java HotSpot(TM) 64-Bit Server VM (17.0.9+11-LTS-201, mixed mode, sharing, tiered, compressed oops, compressed class ptrs, g1 gc, windows-amd64)
GC Precious Log:
 CPUs: 12 total, 12 available
 Memory: 16163M
 Large Page Support: Disabled
 NUMA Support: Disabled
 Compressed Oops: Enabled (32-bit)
 Heap Region Size: 1M
 Heap Min Capacity: 8M
 Heap Initial Capacity: 254M
 Heap Max Capacity: 2G
 Pre-touch: Disabled
 Parallel Workers: 10
 Concurrent Workers: 3
 Concurrent Refinement Workers: 10
 Periodic GC: Disabled
Heap:
 garbage-first heap   total 334848K, used 204270K [0x0000000080000000, 0x0000000100000000)
  region size 1024K, 12 young (12288K), 4 survivors (4096K)
 Metaspace       used 117155K, committed 118400K, reserved 1179648K
  class space    used 15728K, committed 16320K, reserved 1048576K
GC Heap History (20 events):
Event: 58.444 GC heap before
{Heap before GC invocations=58 (full 0):
 garbage-first heap   total 263168K, used 217376K [0x0000000080000000, 0x0000000100000000)
  region size 1024K, 72 young (73728K), 4 survivors (4096K)
 Metaspace       used 107405K, committed 108416K, reserved 1179648K
  class space    used 14643K, committed 15104K, reserved 1048576K
}
Event: 58.448 GC heap after
{Heap after GC invocations=59 (full 0):
 garbage-first heap   total 263168K, used 152008K [0x0000000080000000, 0x0000000100000000)
  region size 1024K, 8 young (8192K), 8 survivors (8192K)
 Metaspace       used 107405K, committed 108416K, reserved 1179648K
  class space    used 14643K, committed 15104K, reserved 1048576K
}
Event: 59.144 GC heap before
{Heap before GC invocations=59 (full 0):
 garbage-first heap   total 263168K, used 217544K [0x0000000080000000, 0x0000000100000000)
  region size 1024K, 73 young (74752K), 8 survivors (8192K)
 Metaspace       used 108024K, committed 109120K, reserved 1179648K
  class space    used 14736K, committed 15232K, reserved 1048576K
}
Event: 59.149 GC heap after
{Heap after GC invocations=60 (full 0):
 garbage-first heap   total 263168K, used 154098K [0x0000000080000000, 0x0000000100000000)
  region size 1024K, 5 young (5120K), 5 survivors (5120K)
 Metaspace       used 108024K, committed 109120K, reserved 1179648K
  class space    used 14736K, committed 15232K, reserved 1048576K
}
Event: 74.903 GC heap before
{Heap before GC invocations=60 (full 0):
 garbage-first heap   total 263168K, used 218610K [0x0000000080000000, 0x0000000100000000)
  region size 1024K, 69 young (70656K), 5 survivors (5120K)
 Metaspace       used 109096K, committed 110144K, reserved 1179648K
  class space    used 14901K, committed 15424K, reserved 1048576K
}
Event: 74.909 GC heap after
{Heap after GC invocations=61 (full 0):
 garbage-first heap   total 263168K, used 156411K [0x0000000080000000, 0x0000000100000000)
  region size 1024K, 7 young (7168K), 7 survivors (7168K)
 Metaspace       used 109096K, committed 110144K, reserved 1179648K
  class space    used 14901K, committed 15424K, reserved 1048576K
}
Event: 87.316 GC heap before
{Heap before GC invocations=61 (full 0):
 garbage-first heap   total 263168K, used 218875K [0x0000000080000000, 0x0000000100000000)
  region size 1024K, 69 young (70656K), 7 survivors (7168K)
 Metaspace       used 114720K, committed 115840K, reserved 1179648K
  class space    used 15504K, committed 16064K, reserved 1048576K
}
Event: 87.320 GC heap after
{Heap after GC invocations=62 (full 0):
 garbage-first heap   total 263168K, used 157224K [0x0000000080000000, 0x0000000100000000)
  region size 1024K, 2 young (2048K), 2 survivors (2048K)
 Metaspace       used 114720K, committed 115840K, reserved 1179648K
  class space    used 15504K, committed 16064K, reserved 1048576K
}
Event: 173.305 GC heap before
{Heap before GC invocations=62 (full 0):
 garbage-first heap   total 263168K, used 221736K [0x0000000080000000, 0x0000000100000000)
  region size 1024K, 66 young (67584K), 2 survivors (2048K)
 Metaspace       used 115882K, committed 116992K, reserved 1179648K
  class space    used 15605K, committed 16128K, reserved 1048576K
}
Event: 173.309 GC heap after
{Heap after GC invocations=63 (full 0):
 garbage-first heap   total 263168K, used 161173K [0x0000000080000000, 0x0000000100000000)
  region size 1024K, 6 young (6144K), 6 survivors (6144K)
 Metaspace       used 115882K, committed 116992K, reserved 1179648K
  class space    used 15605K, committed 16128K, reserved 1048576K
}
Event: 173.880 GC heap before
{Heap before GC invocations=63 (full 0):
 garbage-first heap   total 263168K, used 222613K [0x0000000080000000, 0x0000000100000000)
  region size 1024K, 66 young (67584K), 6 survivors (6144K)
 Metaspace       used 116376K, committed 117568K, reserved 1179648K
  class space    used 15629K, committed 16192K, reserved 1048576K
}
Event: 173.888 GC heap after
{Heap after GC invocations=64 (full 0):
 garbage-first heap   total 263168K, used 170216K [0x0000000080000000, 0x0000000100000000)
  region size 1024K, 9 young (9216K), 9 survivors (9216K)
 Metaspace       used 116376K, committed 117568K, reserved 1179648K
  class space    used 15629K, committed 16192K, reserved 1048576K
}
Event: 174.310 GC heap before
{Heap before GC invocations=64 (full 0):
 garbage-first heap   total 263168K, used 219368K [0x0000000080000000, 0x0000000100000000)
  region size 1024K, 58 young (59392K), 9 survivors (9216K)
 Metaspace       used 116488K, committed 117696K, reserved 1179648K
  class space    used 15632K, committed 16192K, reserved 1048576K
}
Event: 174.319 GC heap after
{Heap after GC invocations=65 (full 0):
 garbage-first heap   total 263168K, used 175763K [0x0000000080000000, 0x0000000100000000)
  region size 1024K, 6 young (6144K), 6 survivors (6144K)
 Metaspace       used 116488K, committed 117696K, reserved 1179648K
  class space    used 15632K, committed 16192K, reserved 1048576K
}
Event: 174.517 GC heap before
{Heap before GC invocations=65 (full 0):
 garbage-first heap   total 263168K, used 220819K [0x0000000080000000, 0x0000000100000000)
  region size 1024K, 50 young (51200K), 6 survivors (6144K)
 Metaspace       used 116499K, committed 117696K, reserved 1179648K
  class space    used 15632K, committed 16192K, reserved 1048576K
}
Event: 174.527 GC heap after
{Heap after GC invocations=66 (full 0):
 garbage-first heap   total 263168K, used 193851K [0x0000000080000000, 0x0000000100000000)
  region size 1024K, 7 young (7168K), 7 survivors (7168K)
 Metaspace       used 116499K, committed 117696K, reserved 1179648K
  class space    used 15632K, committed 16192K, reserved 1048576K
}
Event: 175.702 GC heap before
{Heap before GC invocations=66 (full 0):
 garbage-first heap   total 263168K, used 218427K [0x0000000080000000, 0x0000000100000000)
  region size 1024K, 32 young (32768K), 7 survivors (7168K)
 Metaspace       used 116587K, committed 117760K, reserved 1179648K
  class space    used 15633K, committed 16192K, reserved 1048576K
}
Event: 175.708 GC heap after
{Heap after GC invocations=67 (full 0):
 garbage-first heap   total 263168K, used 195852K [0x0000000080000000, 0x0000000100000000)
  region size 1024K, 2 young (2048K), 2 survivors (2048K)
 Metaspace       used 116587K, committed 117760K, reserved 1179648K
  class space    used 15633K, committed 16192K, reserved 1048576K
}
Event: 190.822 GC heap before
{Heap before GC invocations=68 (full 0):
 garbage-first heap   total 334848K, used 221452K [0x0000000080000000, 0x0000000100000000)
  region size 1024K, 28 young (28672K), 2 survivors (2048K)
 Metaspace       used 117074K, committed 118336K, reserved 1179648K
  class space    used 15715K, committed 16320K, reserved 1048576K
}
Event: 190.825 GC heap after
{Heap after GC invocations=69 (full 0):
 garbage-first heap   total 334848K, used 197102K [0x0000000080000000, 0x0000000100000000)
  region size 1024K, 4 young (4096K), 4 survivors (4096K)
 Metaspace       used 117074K, committed 118336K, reserved 1179648K
  class space    used 15715K, committed 16320K, reserved 1048576K
}

