# JRE version: Java(TM) SE Runtime Environment (17.0.9+11) (build 17.0.9+11-LTS-201)
# Java VM: Java HotSpot(TM) 64-Bit Server VM (17.0.9+11-LTS-201, mixed mode, sharing, tiered, compressed oops, compressed class ptrs, g1 gc, windows-amd64)
GC Precious Log:
 CPUs: 12 total, 12 available
 Memory: 16163M
 Large Page Support: Disabled
 NUMA Support: Disabled
 Compressed Oops: Enabled (32-bit)
 Heap Region Size: 1M
 Heap Min Capacity: 8M
 Heap Initial Capacity: 254M
 Heap Max Capacity: 2G
 Pre-touch: Disabled
 Parallel Workers: 10
 Concurrent Workers: 3
 Concurrent Refinement Workers: 10
 Periodic GC: Disabled
Heap:
 garbage-first heap   total 176128K, used 109123K [0x0000000080000000, 0x0000000100000000)
  region size 1024K, 11 young (11264K), 1 survivors (1024K)
 Metaspace       used 85500K, committed 86336K, reserved 1179648K
  class space    used 11709K, committed 12096K, reserved 1048576K
GC Heap History (20 events):
Event: 34.114 GC heap before
{Heap before GC invocations=33 (full 0):
 garbage-first heap   total 150528K, used 116000K [0x0000000080000000, 0x0000000100000000)
  region size 1024K, 35 young (35840K), 5 survivors (5120K)
 Metaspace       used 70135K, committed 70848K, reserved 1114112K
  class space    used 9546K, committed 9856K, reserved 1048576K
}
Event: 34.117 GC heap after
{Heap after GC invocations=34 (full 0):
 garbage-first heap   total 150528K, used 87106K [0x0000000080000000, 0x0000000100000000)
  region size 1024K, 2 young (2048K), 2 survivors (2048K)
 Metaspace       used 70135K, committed 70848K, reserved 1114112K
  class space    used 9546K, committed 9856K, reserved 1048576K
}
Event: 34.373 GC heap before
{Heap before GC invocations=34 (full 0):
 garbage-first heap   total 150528K, used 92226K [0x0000000080000000, 0x0000000100000000)
  region size 1024K, 7 young (7168K), 2 survivors (2048K)
 Metaspace       used 70442K, committed 71168K, reserved 1114112K
  class space    used 9583K, committed 9920K, reserved 1048576K
}
Event: 34.374 GC heap after
{Heap after GC invocations=35 (full 0):
 garbage-first heap   total 150528K, used 87131K [0x0000000080000000, 0x0000000100000000)
  region size 1024K, 1 young (1024K), 1 survivors (1024K)
 Metaspace       used 70442K, committed 71168K, reserved 1114112K
  class space    used 9583K, committed 9920K, reserved 1048576K
}
Event: 36.722 GC heap before
{Heap before GC invocations=35 (full 0):
 garbage-first heap   total 150528K, used 122971K [0x0000000080000000, 0x0000000100000000)
  region size 1024K, 36 young (36864K), 1 survivors (1024K)
 Metaspace       used 74036K, committed 74816K, reserved 1114112K
  class space    used 10045K, committed 10432K, reserved 1048576K
}
Event: 36.723 GC heap after
{Heap after GC invocations=36 (full 0):
 garbage-first heap   total 150528K, used 88476K [0x0000000080000000, 0x0000000100000000)
  region size 1024K, 2 young (2048K), 2 survivors (2048K)
 Metaspace       used 74036K, committed 74816K, reserved 1114112K
  class space    used 10045K, committed 10432K, reserved 1048576K
}
Event: 38.599 GC heap before
{Heap before GC invocations=36 (full 0):
 garbage-first heap   total 150528K, used 127388K [0x0000000080000000, 0x0000000100000000)
  region size 1024K, 37 young (37888K), 2 survivors (2048K)
 Metaspace       used 76617K, committed 77376K, reserved 1179648K
  class space    used 10391K, committed 10752K, reserved 1048576K
}
Event: 38.602 GC heap after
{Heap after GC invocations=37 (full 0):
 garbage-first heap   total 150528K, used 93497K [0x0000000080000000, 0x0000000100000000)
  region size 1024K, 4 young (4096K), 4 survivors (4096K)
 Metaspace       used 76617K, committed 77376K, reserved 1179648K
  class space    used 10391K, committed 10752K, reserved 1048576K
}
Event: 39.741 GC heap before
{Heap before GC invocations=37 (full 0):
 garbage-first heap   total 150528K, used 126265K [0x0000000080000000, 0x0000000100000000)
  region size 1024K, 36 young (36864K), 4 survivors (4096K)
 Metaspace       used 78514K, committed 79296K, reserved 1179648K
  class space    used 10679K, committed 11072K, reserved 1048576K
}
Event: 39.744 GC heap after
{Heap after GC invocations=38 (full 0):
 garbage-first heap   total 150528K, used 95213K [0x0000000080000000, 0x0000000100000000)
  region size 1024K, 4 young (4096K), 4 survivors (4096K)
 Metaspace       used 78514K, committed 79296K, reserved 1179648K
  class space    used 10679K, committed 11072K, reserved 1048576K
}
Event: 40.298 GC heap before
{Heap before GC invocations=38 (full 0):
 garbage-first heap   total 150528K, used 126957K [0x0000000080000000, 0x0000000100000000)
  region size 1024K, 35 young (35840K), 4 survivors (4096K)
 Metaspace       used 78656K, committed 79424K, reserved 1179648K
  class space    used 10696K, committed 11072K, reserved 1048576K
}
Event: 40.302 GC heap after
{Heap after GC invocations=39 (full 0):
 garbage-first heap   total 150528K, used 98674K [0x0000000080000000, 0x0000000100000000)
  region size 1024K, 5 young (5120K), 5 survivors (5120K)
 Metaspace       used 78656K, committed 79424K, reserved 1179648K
  class space    used 10696K, committed 11072K, reserved 1048576K
}
Event: 41.456 GC heap before
{Heap before GC invocations=39 (full 0):
 garbage-first heap   total 150528K, used 126322K [0x0000000080000000, 0x0000000100000000)
  region size 1024K, 32 young (32768K), 5 survivors (5120K)
 Metaspace       used 80783K, committed 81600K, reserved 1179648K
  class space    used 10961K, committed 11328K, reserved 1048576K
}
Event: 41.459 GC heap after
{Heap after GC invocations=40 (full 0):
 garbage-first heap   total 150528K, used 99897K [0x0000000080000000, 0x0000000100000000)
  region size 1024K, 2 young (2048K), 2 survivors (2048K)
 Metaspace       used 80783K, committed 81600K, reserved 1179648K
  class space    used 10961K, committed 11328K, reserved 1048576K
}
Event: 42.932 GC heap before
{Heap before GC invocations=40 (full 0):
 garbage-first heap   total 150528K, used 127545K [0x0000000080000000, 0x0000000100000000)
  region size 1024K, 28 young (28672K), 2 survivors (2048K)
 Metaspace       used 82648K, committed 83456K, reserved 1179648K
  class space    used 11218K, committed 11584K, reserved 1048576K
}
Event: 42.934 GC heap after
{Heap after GC invocations=41 (full 0):
 garbage-first heap   total 150528K, used 100820K [0x0000000080000000, 0x0000000100000000)
  region size 1024K, 3 young (3072K), 3 survivors (3072K)
 Metaspace       used 82648K, committed 83456K, reserved 1179648K
  class space    used 11218K, committed 11584K, reserved 1048576K
}
Event: 44.445 GC heap before
{Heap before GC invocations=42 (full 0):
 garbage-first heap   total 176128K, used 124372K [0x0000000080000000, 0x0000000100000000)
  region size 1024K, 26 young (26624K), 3 survivors (3072K)
 Metaspace       used 84233K, committed 84992K, reserved 1179648K
  class space    used 11507K, committed 11904K, reserved 1048576K
}
Event: 44.448 GC heap after
{Heap after GC invocations=43 (full 0):
 garbage-first heap   total 176128K, used 101080K [0x0000000080000000, 0x0000000100000000)
  region size 1024K, 2 young (2048K), 2 survivors (2048K)
 Metaspace       used 84233K, committed 84992K, reserved 1179648K
  class space    used 11507K, committed 11904K, reserved 1048576K
}
Event: 44.605 GC heap before
{Heap before GC invocations=43 (full 0):
 garbage-first heap   total 176128K, used 107224K [0x0000000080000000, 0x0000000100000000)
  region size 1024K, 8 young (8192K), 2 survivors (2048K)
 Metaspace       used 84755K, committed 85568K, reserved 1179648K
  class space    used 11584K, committed 11968K, reserved 1048576K
}
Event: 44.607 GC heap after
{Heap after GC invocations=44 (full 0):
 garbage-first heap   total 176128K, used 99907K [0x0000000080000000, 0x0000000100000000)
  region size 1024K, 1 young (1024K), 1 survivors (1024K)
 Metaspace       used 84755K, committed 85568K, reserved 1179648K
  class space    used 11584K, committed 11968K, reserved 1048576K
}

