# JRE version: Java(TM) SE Runtime Environment (17.0.9+11) (build 17.0.9+11-LTS-201)
# Java VM: Java HotSpot(TM) 64-Bit Server VM (17.0.9+11-LTS-201, mixed mode, sharing, tiered, compressed oops, compressed class ptrs, g1 gc, windows-amd64)
GC Precious Log:
 CPUs: 12 total, 12 available
 Memory: 16163M
 Large Page Support: Disabled
 NUMA Support: Disabled
 Compressed Oops: Enabled (32-bit)
 Heap Region Size: 1M
 Heap Min Capacity: 8M
 Heap Initial Capacity: 254M
 Heap Max Capacity: 2G
 Pre-touch: Disabled
 Parallel Workers: 10
 Concurrent Workers: 3
 Concurrent Refinement Workers: 10
 Periodic GC: Disabled
Heap:
 garbage-first heap   total 145408K, used 58079K [0x0000000080000000, 0x0000000100000000)
  region size 1024K, 4 young (4096K), 4 survivors (4096K)
 Metaspace       used 56467K, committed 57088K, reserved 1114112K
  class space    used 7855K, committed 8128K, reserved 1048576K
GC Heap History (20 events):
Event: 23.381 GC heap after
{Heap after GC invocations=16 (full 0):
 garbage-first heap   total 86016K, used 42736K [0x0000000080000000, 0x0000000100000000)
  region size 1024K, 1 young (1024K), 1 survivors (1024K)
 Metaspace       used 42597K, committed 43136K, reserved 1114112K
  class space    used 5927K, committed 6144K, reserved 1048576K
}
Event: 24.257 GC heap before
{Heap before GC invocations=16 (full 0):
 garbage-first heap   total 86016K, used 68336K [0x0000000080000000, 0x0000000100000000)
  region size 1024K, 26 young (26624K), 1 survivors (1024K)
 Metaspace       used 44913K, committed 45504K, reserved 1114112K
  class space    used 6268K, committed 6528K, reserved 1048576K
}
Event: 24.259 GC heap after
{Heap after GC invocations=17 (full 0):
 garbage-first heap   total 86016K, used 44174K [0x0000000080000000, 0x0000000100000000)
  region size 1024K, 2 young (2048K), 2 survivors (2048K)
 Metaspace       used 44913K, committed 45504K, reserved 1114112K
  class space    used 6268K, committed 6528K, reserved 1048576K
}
Event: 24.970 GC heap before
{Heap before GC invocations=18 (full 0):
 garbage-first heap   total 86016K, used 69774K [0x0000000080000000, 0x0000000100000000)
  region size 1024K, 27 young (27648K), 2 survivors (2048K)
 Metaspace       used 48170K, committed 48768K, reserved 1114112K
  class space    used 6716K, committed 6976K, reserved 1048576K
}
Event: 24.972 GC heap after
{Heap after GC invocations=19 (full 0):
 garbage-first heap   total 103424K, used 45252K [0x0000000080000000, 0x0000000100000000)
  region size 1024K, 3 young (3072K), 3 survivors (3072K)
 Metaspace       used 48170K, committed 48768K, reserved 1114112K
  class space    used 6716K, committed 6976K, reserved 1048576K
}
Event: 26.389 GC heap before
{Heap before GC invocations=19 (full 0):
 garbage-first heap   total 103424K, used 82116K [0x0000000080000000, 0x0000000100000000)
  region size 1024K, 40 young (40960K), 3 survivors (3072K)
 Metaspace       used 52154K, committed 52800K, reserved 1114112K
  class space    used 7315K, committed 7616K, reserved 1048576K
}
Event: 26.392 GC heap after
{Heap after GC invocations=20 (full 0):
 garbage-first heap   total 103424K, used 47692K [0x0000000080000000, 0x0000000100000000)
  region size 1024K, 5 young (5120K), 5 survivors (5120K)
 Metaspace       used 52154K, committed 52800K, reserved 1114112K
  class space    used 7315K, committed 7616K, reserved 1048576K
}
Event: 28.037 GC heap before
{Heap before GC invocations=20 (full 0):
 garbage-first heap   total 103424K, used 83532K [0x0000000080000000, 0x0000000100000000)
  region size 1024K, 40 young (40960K), 5 survivors (5120K)
 Metaspace       used 55539K, committed 56192K, reserved 1114112K
  class space    used 7824K, committed 8128K, reserved 1048576K
}
Event: 28.041 GC heap after
{Heap after GC invocations=21 (full 0):
 garbage-first heap   total 103424K, used 50249K [0x0000000080000000, 0x0000000100000000)
  region size 1024K, 5 young (5120K), 5 survivors (5120K)
 Metaspace       used 55539K, committed 56192K, reserved 1114112K
  class space    used 7824K, committed 8128K, reserved 1048576K
}
Event: 29.560 GC heap before
{Heap before GC invocations=21 (full 0):
 garbage-first heap   total 103424K, used 81993K [0x0000000080000000, 0x0000000100000000)
  region size 1024K, 37 young (37888K), 5 survivors (5120K)
 Metaspace       used 56123K, committed 56704K, reserved 1114112K
  class space    used 7855K, committed 8128K, reserved 1048576K
}
Event: 29.566 GC heap after
{Heap after GC invocations=22 (full 0):
 garbage-first heap   total 103424K, used 54530K [0x0000000080000000, 0x0000000100000000)
  region size 1024K, 5 young (5120K), 5 survivors (5120K)
 Metaspace       used 56123K, committed 56704K, reserved 1114112K
  class space    used 7855K, committed 8128K, reserved 1048576K
}
Event: 29.879 GC heap before
{Heap before GC invocations=22 (full 0):
 garbage-first heap   total 103424K, used 81154K [0x0000000080000000, 0x0000000100000000)
  region size 1024K, 32 young (32768K), 5 survivors (5120K)
 Metaspace       used 56278K, committed 56896K, reserved 1114112K
  class space    used 7855K, committed 8128K, reserved 1048576K
}
Event: 29.884 GC heap after
{Heap after GC invocations=23 (full 0):
 garbage-first heap   total 103424K, used 55911K [0x0000000080000000, 0x0000000100000000)
  region size 1024K, 4 young (4096K), 4 survivors (4096K)
 Metaspace       used 56278K, committed 56896K, reserved 1114112K
  class space    used 7855K, committed 8128K, reserved 1048576K
}
Event: 30.049 GC heap before
{Heap before GC invocations=24 (full 0):
 garbage-first heap   total 104448K, used 80487K [0x0000000080000000, 0x0000000100000000)
  region size 1024K, 29 young (29696K), 4 survivors (4096K)
 Metaspace       used 56385K, committed 56960K, reserved 1114112K
  class space    used 7855K, committed 8128K, reserved 1048576K
}
Event: 30.052 GC heap after
{Heap after GC invocations=25 (full 0):
 garbage-first heap   total 104448K, used 56690K [0x0000000080000000, 0x0000000100000000)
  region size 1024K, 4 young (4096K), 4 survivors (4096K)
 Metaspace       used 56385K, committed 56960K, reserved 1114112K
  class space    used 7855K, committed 8128K, reserved 1048576K
}
Event: 30.054 GC heap before
{Heap before GC invocations=25 (full 0):
 garbage-first heap   total 104448K, used 57714K [0x0000000080000000, 0x0000000100000000)
  region size 1024K, 5 young (5120K), 4 survivors (4096K)
 Metaspace       used 56385K, committed 56960K, reserved 1114112K
  class space    used 7855K, committed 8128K, reserved 1048576K
}
Event: 30.056 GC heap after
{Heap after GC invocations=26 (full 0):
 garbage-first heap   total 104448K, used 55324K [0x0000000080000000, 0x0000000100000000)
  region size 1024K, 1 young (1024K), 1 survivors (1024K)
 Metaspace       used 56385K, committed 56960K, reserved 1114112K
  class space    used 7855K, committed 8128K, reserved 1048576K
}
Event: 30.112 GC heap before
{Heap before GC invocations=26 (full 0):
 garbage-first heap   total 104448K, used 80924K [0x0000000080000000, 0x0000000100000000)
  region size 1024K, 27 young (27648K), 1 survivors (1024K)
 Metaspace       used 56423K, committed 57088K, reserved 1114112K
  class space    used 7855K, committed 8128K, reserved 1048576K
}
Event: 30.115 GC heap after
{Heap after GC invocations=27 (full 0):
 garbage-first heap   total 104448K, used 57716K [0x0000000080000000, 0x0000000100000000)
  region size 1024K, 4 young (4096K), 4 survivors (4096K)
 Metaspace       used 56423K, committed 57088K, reserved 1114112K
  class space    used 7855K, committed 8128K, reserved 1048576K
}
Event: 30.183 GC heap before
{Heap before GC invocations=28 (full 0):
 garbage-first heap   total 107520K, used 80945K [0x0000000080000000, 0x0000000100000000)
  region size 1024K, 28 young (28672K), 4 survivors (4096K)
 Metaspace       used 56467K, committed 57088K, reserved 1114112K
  class space    used 7855K, committed 8128K, reserved 1048576K
}

